<?xml version="1.0" encoding="UTF-8"?>
<testng-results ignored="0" total="1" passed="1" failed="0" skipped="0">
  <reporter-output>
  </reporter-output>
  <suite started-at="2022-08-22T19:44:54 IST" name="Suite" finished-at="2022-08-22T19:45:18 IST" duration-ms="23482">
    <groups>
    </groups>
    <test started-at="2022-08-22T19:44:54 IST" name="Test" finished-at="2022-08-22T19:45:18 IST" duration-ms="23482">
      <class name="com.test.TC_001">
        <test-method is-config="true" signature="BS()[pri:0, instance:com.test.TC_001@4bdeaabb]" started-at="2022-08-22T19:44:53 IST" name="BS" finished-at="2022-08-22T19:44:54 IST" duration-ms="1112" status="PASS">
          <reporter-output>
          </reporter-output>
        </test-method> <!-- BS -->
        <test-method is-config="true" signature="setup()[pri:0, instance:com.test.TC_001@4bdeaabb]" started-at="2022-08-22T19:44:54 IST" name="setup" finished-at="2022-08-22T19:45:11 IST" duration-ms="16875" status="PASS">
          <reporter-output>
          </reporter-output>
        </test-method> <!-- setup -->
        <test-method signature="varify_testlogin_validCredential()[pri:0, instance:com.test.TC_001@4bdeaabb]" started-at="2022-08-22T19:45:11 IST" name="varify_testlogin_validCredential" finished-at="2022-08-22T19:45:14 IST" duration-ms="2981" status="PASS">
          <reporter-output>
          </reporter-output>
        </test-method> <!-- varify_testlogin_validCredential -->
        <test-method is-config="true" signature="TearDown()[pri:0, instance:com.test.TC_001@4bdeaabb]" started-at="2022-08-22T19:45:17 IST" name="TearDown" finished-at="2022-08-22T19:45:18 IST" duration-ms="479" status="PASS">
          <reporter-output>
          </reporter-output>
        </test-method> <!-- TearDown -->
      </class> <!-- com.test.TC_001 -->
    </test> <!-- Test -->
  </suite> <!-- Suite -->
</testng-results>
